<?xml version="1.0" encoding="UTF-8"?>
<!-- Generated by org.testng.reporters.JUnitXMLReporter -->
<testsuite ignored="0" hostname="EGCA1-0091" failures="1" tests="1" name="Login to Linkedin Application" time="14.602" errors="0" timestamp="2022-09-07T18:05:33 EET">
  <testcase classname="test_cases.TestBase" name="startApplication" time="4.8">
    <failure type="java.lang.NoClassDefFoundError" message="org/apache/xmlbeans/XmlObject">
      <![CDATA[java.lang.NoClassDefFoundError: org/apache/xmlbeans/XmlObject
at pages.PageBase.getExcelData(PageBase.java:173)
at pages.LoginPage.loginToLinkedin(LoginPage.java:28)
at test_cases.TestBase.startApplication(TestBase.java:80)
at java.base/java.util.ArrayList.forEach(ArrayList.java:1541)
at java.base/java.util.concurrent.FutureTask.run(FutureTask.java:264)
at java.base/java.util.concurrent.ThreadPoolExecutor.runWorker(ThreadPoolExecutor.java:1128)
at java.base/java.util.concurrent.ThreadPoolExecutor$Worker.run(ThreadPoolExecutor.java:628)
at java.base/java.lang.Thread.run(Thread.java:834)
Caused by: java.lang.ClassNotFoundException: org.apache.xmlbeans.XmlObject
at java.base/jdk.internal.loader.BuiltinClassLoader.loadClass(BuiltinClassLoader.java:581)
at java.base/jdk.internal.loader.ClassLoaders$AppClassLoader.loadClass(ClassLoaders.java:178)
at java.base/java.lang.ClassLoader.loadClass(ClassLoader.java:521)
... 26 more
... Removed 18 stack frames]]>
    </failure>
  </testcase> <!-- startApplication -->
</testsuite> <!-- Login to Linkedin Application -->
